c:\users\janki\onedrive\桌面\studys\2023 directx12\learningdirectx12-0.0.1\learningdirectx12-0.0.2\tutorial2\tutorial2.dir\debug\vc143.pdb
c:\users\janki\onedrive\桌面\studys\2023 directx12\learningdirectx12-0.0.1\learningdirectx12-0.0.2\tutorial2\tutorial2.dir\debug\tutorial2.obj
c:\users\janki\onedrive\桌面\studys\2023 directx12\learningdirectx12-0.0.1\learningdirectx12-0.0.2\tutorial2\tutorial2.dir\debug\main.obj
c:\users\janki\onedrive\桌面\studys\2023 directx12\learningdirectx12-0.0.1\learningdirectx12-0.0.2\tutorial2\cmakefiles\generate.stamp
c:\users\janki\onedrive\桌面\studys\2023 directx12\learningdirectx12-0.0.1\learningdirectx12-0.0.2\bin\debug\vertexshader.cso
c:\users\janki\onedrive\桌面\studys\2023 directx12\learningdirectx12-0.0.1\learningdirectx12-0.0.2\bin\debug\pixelshader.cso
c:\users\janki\onedrive\桌面\studys\2023 directx12\learningdirectx12-0.0.1\learningdirectx12-0.0.2\tutorial2\tutorial2.dir\debug\tutorial2.ilk
c:\users\janki\onedrive\桌面\studys\2023 directx12\learningdirectx12-0.0.1\learningdirectx12-0.0.2\bin\debug\tutorial2.exe
c:\users\janki\onedrive\桌面\studys\2023 directx12\learningdirectx12-0.0.1\learningdirectx12-0.0.2\bin\debug\tutorial2.pdb
c:\users\janki\onedrive\桌面\studys\2023 directx12\learningdirectx12-0.0.1\learningdirectx12-0.0.2\tutorial2\tutorial2.dir\debug\tutorial2.tlog\cl.command.1.tlog
c:\users\janki\onedrive\桌面\studys\2023 directx12\learningdirectx12-0.0.1\learningdirectx12-0.0.2\tutorial2\tutorial2.dir\debug\tutorial2.tlog\cl.items.tlog
c:\users\janki\onedrive\桌面\studys\2023 directx12\learningdirectx12-0.0.1\learningdirectx12-0.0.2\tutorial2\tutorial2.dir\debug\tutorial2.tlog\cl.read.1.tlog
c:\users\janki\onedrive\桌面\studys\2023 directx12\learningdirectx12-0.0.1\learningdirectx12-0.0.2\tutorial2\tutorial2.dir\debug\tutorial2.tlog\cl.write.1.tlog
c:\users\janki\onedrive\桌面\studys\2023 directx12\learningdirectx12-0.0.1\learningdirectx12-0.0.2\tutorial2\tutorial2.dir\debug\tutorial2.tlog\custombuild.command.1.tlog
c:\users\janki\onedrive\桌面\studys\2023 directx12\learningdirectx12-0.0.1\learningdirectx12-0.0.2\tutorial2\tutorial2.dir\debug\tutorial2.tlog\custombuild.read.1.tlog
c:\users\janki\onedrive\桌面\studys\2023 directx12\learningdirectx12-0.0.1\learningdirectx12-0.0.2\tutorial2\tutorial2.dir\debug\tutorial2.tlog\custombuild.write.1.tlog
c:\users\janki\onedrive\桌面\studys\2023 directx12\learningdirectx12-0.0.1\learningdirectx12-0.0.2\tutorial2\tutorial2.dir\debug\tutorial2.tlog\fxc.command.1.tlog
c:\users\janki\onedrive\桌面\studys\2023 directx12\learningdirectx12-0.0.1\learningdirectx12-0.0.2\tutorial2\tutorial2.dir\debug\tutorial2.tlog\fxc.read.1.tlog
c:\users\janki\onedrive\桌面\studys\2023 directx12\learningdirectx12-0.0.1\learningdirectx12-0.0.2\tutorial2\tutorial2.dir\debug\tutorial2.tlog\fxc.write.1.tlog
c:\users\janki\onedrive\桌面\studys\2023 directx12\learningdirectx12-0.0.1\learningdirectx12-0.0.2\tutorial2\tutorial2.dir\debug\tutorial2.tlog\link.command.1.tlog
c:\users\janki\onedrive\桌面\studys\2023 directx12\learningdirectx12-0.0.1\learningdirectx12-0.0.2\tutorial2\tutorial2.dir\debug\tutorial2.tlog\link.read.1.tlog
c:\users\janki\onedrive\桌面\studys\2023 directx12\learningdirectx12-0.0.1\learningdirectx12-0.0.2\tutorial2\tutorial2.dir\debug\tutorial2.tlog\link.write.1.tlog
