c:\users\janki\onedrive\桌面\studys\2023 directx12\learningdirectx12-0.0.1\learningdirectx12-0.0.2\lib\debug\dx12lib.pdb
c:\users\janki\onedrive\桌面\studys\2023 directx12\learningdirectx12-0.0.1\learningdirectx12-0.0.2\dx12lib\dx12lib.dir\debug\window.obj
c:\users\janki\onedrive\桌面\studys\2023 directx12\learningdirectx12-0.0.1\learningdirectx12-0.0.2\dx12lib\dx12lib.dir\debug\highresolutionclock.obj
c:\users\janki\onedrive\桌面\studys\2023 directx12\learningdirectx12-0.0.1\learningdirectx12-0.0.2\dx12lib\dx12lib.dir\debug\game.obj
c:\users\janki\onedrive\桌面\studys\2023 directx12\learningdirectx12-0.0.1\learningdirectx12-0.0.2\dx12lib\dx12lib.dir\debug\commandqueue.obj
c:\users\janki\onedrive\桌面\studys\2023 directx12\learningdirectx12-0.0.1\learningdirectx12-0.0.2\dx12lib\dx12lib.dir\debug\application.obj
c:\users\janki\onedrive\桌面\studys\2023 directx12\learningdirectx12-0.0.1\learningdirectx12-0.0.2\dx12lib\dx12lib.dir\debug\dx12libpch.obj
c:\users\janki\onedrive\桌面\studys\2023 directx12\learningdirectx12-0.0.1\learningdirectx12-0.0.2\dx12lib\cmakefiles\generate.stamp
c:\users\janki\onedrive\桌面\studys\2023 directx12\learningdirectx12-0.0.1\learningdirectx12-0.0.2\lib\debug\dx12lib.lib
c:\users\janki\onedrive\桌面\studys\2023 directx12\learningdirectx12-0.0.1\learningdirectx12-0.0.2\dx12lib\dx12lib.dir\debug\dx12lib.res
c:\users\janki\onedrive\桌面\studys\2023 directx12\learningdirectx12-0.0.1\learningdirectx12-0.0.2\dx12lib\dx12lib.dir\debug\dx12lib.tlog\cl.command.1.tlog
c:\users\janki\onedrive\桌面\studys\2023 directx12\learningdirectx12-0.0.1\learningdirectx12-0.0.2\dx12lib\dx12lib.dir\debug\dx12lib.tlog\cl.items.tlog
c:\users\janki\onedrive\桌面\studys\2023 directx12\learningdirectx12-0.0.1\learningdirectx12-0.0.2\dx12lib\dx12lib.dir\debug\dx12lib.tlog\cl.read.1.tlog
c:\users\janki\onedrive\桌面\studys\2023 directx12\learningdirectx12-0.0.1\learningdirectx12-0.0.2\dx12lib\dx12lib.dir\debug\dx12lib.tlog\cl.write.1.tlog
c:\users\janki\onedrive\桌面\studys\2023 directx12\learningdirectx12-0.0.1\learningdirectx12-0.0.2\dx12lib\dx12lib.dir\debug\dx12lib.tlog\custombuild.command.1.tlog
c:\users\janki\onedrive\桌面\studys\2023 directx12\learningdirectx12-0.0.1\learningdirectx12-0.0.2\dx12lib\dx12lib.dir\debug\dx12lib.tlog\custombuild.read.1.tlog
c:\users\janki\onedrive\桌面\studys\2023 directx12\learningdirectx12-0.0.1\learningdirectx12-0.0.2\dx12lib\dx12lib.dir\debug\dx12lib.tlog\custombuild.write.1.tlog
c:\users\janki\onedrive\桌面\studys\2023 directx12\learningdirectx12-0.0.1\learningdirectx12-0.0.2\dx12lib\dx12lib.dir\debug\dx12lib.tlog\lib-link-cvtres.read.1.tlog
c:\users\janki\onedrive\桌面\studys\2023 directx12\learningdirectx12-0.0.1\learningdirectx12-0.0.2\dx12lib\dx12lib.dir\debug\dx12lib.tlog\lib-link-cvtres.write.1.tlog
c:\users\janki\onedrive\桌面\studys\2023 directx12\learningdirectx12-0.0.1\learningdirectx12-0.0.2\dx12lib\dx12lib.dir\debug\dx12lib.tlog\lib.command.1.tlog
c:\users\janki\onedrive\桌面\studys\2023 directx12\learningdirectx12-0.0.1\learningdirectx12-0.0.2\dx12lib\dx12lib.dir\debug\dx12lib.tlog\rc.command.1.tlog
c:\users\janki\onedrive\桌面\studys\2023 directx12\learningdirectx12-0.0.1\learningdirectx12-0.0.2\dx12lib\dx12lib.dir\debug\dx12lib.tlog\rc.read.1.tlog
c:\users\janki\onedrive\桌面\studys\2023 directx12\learningdirectx12-0.0.1\learningdirectx12-0.0.2\dx12lib\dx12lib.dir\debug\dx12lib.tlog\rc.write.1.tlog
